<?xml version="1.0" encoding="UTF-8"?>
<!-- Generated by org.testng.reporters.JUnitReportReporter -->
<testsuite hostname="DESKTOP-NPK11H1" failures="0" tests="1" name="com.omayo.hometest.UploadFileTest" time="7.216" errors="0" timestamp="2023-07-14T17:45:19 EEST" skipped="0">
  <testcase classname="com.omayo.hometest.UploadFileTest" name="uploadFileTest" time="7.216"/>
</testsuite> <!-- com.omayo.hometest.UploadFileTest -->
