<?xml version="1.0" encoding="UTF-8"?>
<!-- Generated by org.testng.reporters.JUnitReportReporter -->
<testsuite hostname="DESKTOP-NPK11H1" failures="0" tests="1" name="com.omayo.hometest.TestDoubleClickTest" time="5.083" errors="0" timestamp="2023-07-12T02:41:18 EEST" skipped="0">
  <testcase classname="com.omayo.hometest.TestDoubleClickTest" name="testDoubleClickTest" time="5.083"/>
</testsuite> <!-- com.omayo.hometest.TestDoubleClickTest -->
