<?xml version="1.0" encoding="UTF-8"?>
<!-- Generated by org.testng.reporters.JUnitReportReporter -->
<testsuite hostname="DESKTOP-NPK11H1" failures="0" tests="1" name="com.omayo.hometest.SameIdandNameTest" time="6.367" errors="0" timestamp="2023-07-11T22:59:12 EEST" skipped="0">
  <testcase classname="com.omayo.hometest.SameIdandNameTest" name="sameIdandNameTest" time="6.367"/>
</testsuite> <!-- com.omayo.hometest.SameIdandNameTest -->
