<?xml version="1.0" encoding="UTF-8"?>
<!-- Generated by org.testng.reporters.JUnitReportReporter -->
<testsuite hostname="DESKTOP-NPK11H1" failures="0" tests="1" name="com.omayo.home.HomeTest" time="0.082" errors="0" timestamp="2023-07-08T20:47:15 EEST" skipped="0">
  <testcase classname="com.omayo.home.HomeTest" name="Home" time="0.082"/>
</testsuite> <!-- com.omayo.home.HomeTest -->
