<?xml version="1.0" encoding="UTF-8"?>
<!-- Generated by org.testng.reporters.JUnitReportReporter -->
<testsuite hostname="DESKTOP-NPK11H1" failures="0" tests="1" name="com.omayo.hometest.OpensNewWindowTest" time="13.667" errors="0" timestamp="2023-07-14T01:40:21 EEST" skipped="0">
  <testcase classname="com.omayo.hometest.OpensNewWindowTest" name="opensNewWindowTest" time="13.667"/>
</testsuite> <!-- com.omayo.hometest.OpensNewWindowTest -->
