<?xml version="1.0" encoding="UTF-8"?>
<!-- Generated by org.testng.reporters.JUnitReportReporter -->
<testsuite hostname="DESKTOP-NPK11H1" failures="0" tests="1" name="com.omayo.hometest.LocateUsingClassTest" time="6.464" errors="0" timestamp="2023-07-11T23:45:58 EEST" skipped="0">
  <testcase classname="com.omayo.hometest.LocateUsingClassTest" name="locateUsingClassTest" time="6.464"/>
</testsuite> <!-- com.omayo.hometest.LocateUsingClassTest -->
