<?xml version="1.0" encoding="UTF-8"?>
<!-- Generated by org.testng.reporters.JUnitReportReporter -->
<testsuite hostname="DESKTOP-NPK11H1" failures="0" tests="1" name="com.omayo.hometest.TryItButtonTest" time="7.304" errors="0" timestamp="2023-07-14T19:27:58 EEST" skipped="0">
  <testcase classname="com.omayo.hometest.TryItButtonTest" name="displayedAfter10SecondsTest" time="7.304"/>
</testsuite> <!-- com.omayo.hometest.TryItButtonTest -->
