<?xml version="1.0" encoding="UTF-8"?>
<!-- Generated by org.testng.reporters.JUnitReportReporter -->
<testsuite hostname="DESKTOP-NPK11H1" failures="0" tests="1" name="com.omayo.hometest.OrderedListTest" time="7.332" errors="0" timestamp="2023-07-14T14:00:44 EEST" skipped="0">
  <testcase classname="com.omayo.hometest.OrderedListTest" name="buttonsWithSameNameTest" time="7.332"/>
</testsuite> <!-- com.omayo.hometest.OrderedListTest -->
