<?xml version="1.0" encoding="UTF-8"?>
<!-- Generated by org.testng.reporters.JUnitReportReporter -->
<testsuite hostname="DESKTOP-NPK11H1" failures="0" tests="1" name="com.omayo.leftpagetest.DisplayedAfter10SecondsTest" time="14.556" errors="0" timestamp="2023-07-18T16:23:46 EEST" skipped="0">
  <testcase classname="com.omayo.leftpagetest.DisplayedAfter10SecondsTest" name="displayedAfter10SecondsTest" time="14.556"/>
</testsuite> <!-- com.omayo.leftpagetest.DisplayedAfter10SecondsTest -->
