<?xml version="1.0" encoding="UTF-8"?>
<!-- Generated by org.testng.reporters.JUnitReportReporter -->
<testsuite hostname="DESKTOP-NPK11H1" failures="0" tests="1" name="com.omayo.hometest.ImageElementTest" time="3.154" errors="0" timestamp="2023-07-10T13:58:18 EEST" skipped="0">
  <testcase classname="com.omayo.hometest.ImageElementTest" name="searchThisBlogTest" time="3.154"/>
</testsuite> <!-- com.omayo.hometest.ImageElementTest -->
