<?xml version="1.0" encoding="UTF-8"?>
<!-- Generated by org.testng.reporters.JUnitReportReporter -->
<testsuite hostname="DESKTOP-NPK11H1" failures="0" tests="1" name="com.omayo.hometest.SelectVehicleTest" time="6.267" errors="0" timestamp="2023-07-12T00:06:41 EEST" skipped="0">
  <testcase classname="com.omayo.hometest.SelectVehicleTest" name="sameIdandNameTest" time="6.267"/>
</testsuite> <!-- com.omayo.hometest.SelectVehicleTest -->
