<?xml version="1.0" encoding="UTF-8"?>
<!-- Generated by org.testng.reporters.JUnitReportReporter -->
<testsuite hostname="DESKTOP-NPK11H1" failures="0" tests="1" name="com.omayo.hometest.EnabledButtonTest" time="14.422" errors="0" timestamp="2023-07-14T04:40:45 EEST" skipped="0">
  <testcase classname="com.omayo.hometest.EnabledButtonTest" name="enabledButtonPage" time="14.422"/>
</testsuite> <!-- com.omayo.hometest.EnabledButtonTest -->
