<?xml version="1.0" encoding="UTF-8"?>
<!-- Generated by org.testng.reporters.JUnitReportReporter -->
<testsuite hostname="DESKTOP-NPK11H1" failures="0" tests="1" name="com.omayo.hometest.DisplayedAfter10SecondsTest" time="14.461" errors="0" timestamp="2023-07-14T14:47:56 EEST" skipped="0">
  <testcase classname="com.omayo.hometest.DisplayedAfter10SecondsTest" name="orderedListTest" time="14.461"/>
</testsuite> <!-- com.omayo.hometest.DisplayedAfter10SecondsTest -->
