<?xml version="1.0" encoding="UTF-8"?>
<!-- Generated by org.testng.reporters.JUnitReportReporter -->
<testsuite hostname="DESKTOP-NPK11H1" failures="0" tests="1" name="com.omayo.rightpagetest.LocateUsingClassTest" time="6.200" errors="0" timestamp="2023-07-16T02:06:31 EEST" skipped="0">
  <testcase classname="com.omayo.rightpagetest.LocateUsingClassTest" name="locateUsingClassTest" time="6.200"/>
</testsuite> <!-- com.omayo.rightpagetest.LocateUsingClassTest -->
