<?xml version="1.0" encoding="UTF-8"?>
<!-- Generated by org.testng.reporters.JUnitReportReporter -->
<testsuite hostname="DESKTOP-NPK11H1" failures="0" tests="1" name="com.omayo.hometest.TextAreaFieldTwoTest" time="6.246" errors="0" timestamp="2023-07-12T03:09:25 EEST" skipped="0">
  <testcase classname="com.omayo.hometest.TextAreaFieldTwoTest" name="readonlyTextBoxTest" time="6.246"/>
</testsuite> <!-- com.omayo.hometest.TextAreaFieldTwoTest -->
