<?xml version="1.0" encoding="UTF-8"?>
<!-- Generated by org.testng.reporters.JUnitReportReporter -->
<testsuite hostname="DESKTOP-NPK11H1" failures="0" tests="1" name="com.omayo.rightpagetest.LocateUsingNameAttributeTest" time="6.244" errors="0" timestamp="2023-07-18T16:04:35 EEST" skipped="0">
  <testcase classname="com.omayo.rightpagetest.LocateUsingNameAttributeTest" name="locateUsingNameAttributeTest" time="6.244"/>
</testsuite> <!-- com.omayo.rightpagetest.LocateUsingNameAttributeTest -->
