<?xml version="1.0" encoding="UTF-8"?>
<!-- Generated by org.testng.reporters.JUnitReportReporter -->
<testsuite hostname="DESKTOP-NPK11H1" failures="0" tests="1" name="com.omayo.hometest.SearchThisBlogTest" time="10.434" errors="0" timestamp="2023-07-10T11:35:11 EEST" skipped="0">
  <testcase classname="com.omayo.hometest.SearchThisBlogTest" name="searchThisBlogTest" time="10.434"/>
</testsuite> <!-- com.omayo.hometest.SearchThisBlogTest -->
