<?xml version="1.0" encoding="UTF-8"?>
<!-- Generated by org.testng.reporters.JUnitReportReporter -->
<testsuite hostname="DESKTOP-NPK11H1" failures="0" tests="1" name="com.omayo.hometest.UnOrderedListTest" time="7.290" errors="0" timestamp="2023-07-14T14:18:39 EEST" skipped="0">
  <testcase classname="com.omayo.hometest.UnOrderedListTest" name="unOrderedListTest" time="7.290"/>
</testsuite> <!-- com.omayo.hometest.UnOrderedListTest -->
