<?xml version="1.0" encoding="UTF-8"?>
<!-- Generated by org.testng.reporters.JUnitReportReporter -->
<testsuite hostname="DESKTOP-NPK11H1" failures="0" tests="1" name="com.omayo.hometest.PopupWindowTest" time="11.540" errors="0" timestamp="2023-07-14T16:02:06 EEST" skipped="0">
  <testcase classname="com.omayo.hometest.PopupWindowTest" name="displayedAfter10SecondsTest" time="11.540"/>
</testsuite> <!-- com.omayo.hometest.PopupWindowTest -->
