<?xml version="1.0" encoding="UTF-8"?>
<!-- Generated by org.testng.reporters.JUnitReportReporter -->
<testsuite hostname="DESKTOP-NPK11H1" failures="0" tests="1" name="com.omayo.hometest.HTMLFormTest" time="13.521" errors="0" timestamp="2023-07-13T18:17:12 EEST" skipped="0">
  <testcase classname="com.omayo.hometest.HTMLFormTest" name="loginTest" time="13.521"/>
</testsuite> <!-- com.omayo.hometest.HTMLFormTest -->
