<?xml version="1.0" encoding="UTF-8"?>
<!-- Generated by org.testng.reporters.JUnitReportReporter -->
<testsuite hostname="DESKTOP-NPK11H1" failures="0" tests="1" name="com.omayo.hometest.LocateUsingNameAttributeTest" time="6.241" errors="0" timestamp="2023-07-11T18:13:59 EEST" skipped="0">
  <testcase classname="com.omayo.hometest.LocateUsingNameAttributeTest" name="readonlyTextBoxTest" time="6.241"/>
</testsuite> <!-- com.omayo.hometest.LocateUsingNameAttributeTest -->
