<?xml version="1.0" encoding="UTF-8"?>
<!-- Generated by org.testng.reporters.JUnitReportReporter -->
<testsuite hostname="DESKTOP-NPK11H1" failures="0" tests="1" name="com.omayo.hometest.LoginTest" time="13.645" errors="0" timestamp="2023-07-13T18:05:49 EEST" skipped="0">
  <testcase classname="com.omayo.hometest.LoginTest" name="loginTest" time="13.645"/>
</testsuite> <!-- com.omayo.hometest.LoginTest -->
