<?xml version="1.0" encoding="UTF-8"?>
<!-- Generated by org.testng.reporters.JUnitReportReporter -->
<testsuite hostname="DESKTOP-NPK11H1" failures="0" tests="1" name="com.omayo.rightpagetest.ImageElementTest" time="3.278" errors="0" timestamp="2023-07-18T16:26:46 EEST" skipped="0">
  <testcase classname="com.omayo.rightpagetest.ImageElementTest" name="imageElementTest" time="3.278"/>
</testsuite> <!-- com.omayo.rightpagetest.ImageElementTest -->
