<?xml version="1.0" encoding="UTF-8"?>
<!-- Generated by org.testng.reporters.JUnitReportReporter -->
<testsuite hostname="DESKTOP-NPK11H1" failures="0" tests="1" name="com.omayo.hometest.AlertDemoTest" time="9.258" errors="0" timestamp="2023-07-10T15:08:15 EEST" skipped="0">
  <testcase classname="com.omayo.hometest.AlertDemoTest" name="alertDemoTest" time="9.258"/>
</testsuite> <!-- com.omayo.hometest.AlertDemoTest -->
