<?xml version="1.0" encoding="UTF-8"?>
<!-- Generated by org.testng.reporters.JUnitReportReporter -->
<testsuite hostname="DESKTOP-NPK11H1" failures="0" tests="1" name="com.omayo.hometest.ButtonsWithSameNameTest" time="16.523" errors="0" timestamp="2023-07-14T13:46:40 EEST" skipped="0">
  <testcase classname="com.omayo.hometest.ButtonsWithSameNameTest" name="opensNewWindowTest" time="16.523"/>
</testsuite> <!-- com.omayo.hometest.ButtonsWithSameNameTest -->
