<?xml version="1.0" encoding="UTF-8"?>
<!-- Generated by org.testng.reporters.JUnitReportReporter -->
<testsuite hostname="DESKTOP-NPK11H1" failures="0" tests="1" name="com.omayo.hometest.RadioOptionsTest" time="3.452" errors="0" timestamp="2023-07-10T14:12:55 EEST" skipped="0">
  <testcase classname="com.omayo.hometest.RadioOptionsTest" name="searchThisBlogTest" time="3.452"/>
</testsuite> <!-- com.omayo.hometest.RadioOptionsTest -->
