<?xml version="1.0" encoding="UTF-8"?>
<!-- Generated by org.testng.reporters.JUnitReportReporter -->
<testsuite hostname="DESKTOP-NPK11H1" failures="0" tests="1" name="com.omayo.hometest.Iframe1ANDIframe2Test" time="47.269" errors="0" timestamp="2023-07-13T23:10:52 EEST" skipped="0">
  <testcase classname="com.omayo.hometest.Iframe1ANDIframe2Test" name="iframe1ANDIframe2Test" time="47.269"/>
</testsuite> <!-- com.omayo.hometest.Iframe1ANDIframe2Test -->
