<?xml version="1.0" encoding="UTF-8"?>
<!-- Generated by org.testng.reporters.JUnitReportReporter -->
<testsuite hostname="DESKTOP-NPK11H1" failures="0" tests="1" name="com.omayo.hometest.GetPromptTest" time="9.385" errors="0" timestamp="2023-07-11T12:23:17 EEST" skipped="0">
  <testcase classname="com.omayo.hometest.GetPromptTest" name="readonlyTextBoxTest" time="9.385"/>
</testsuite> <!-- com.omayo.hometest.GetPromptTest -->
