<?xml version="1.0" encoding="UTF-8"?>
<!-- Generated by org.testng.reporters.JUnitReportReporter -->
<testsuite hostname="DESKTOP-NPK11H1" failures="0" tests="1" name="com.omayo.hometest.TextAreFieldTest" time="6.243" errors="0" timestamp="2023-07-12T02:59:42 EEST" skipped="0">
  <testcase classname="com.omayo.hometest.TextAreFieldTest" name="readonlyTextBoxTest" time="6.243"/>
</testsuite> <!-- com.omayo.hometest.TextAreFieldTest -->
