<?xml version="1.0" encoding="UTF-8"?>
<!-- Generated by org.testng.reporters.JUnitReportReporter -->
<testsuite hostname="DESKTOP-NPK11H1" failures="0" tests="1" name="com.omayo.hometest.TextBoxWithPreloadedTextTest" time="7.232" errors="0" timestamp="2023-07-14T00:58:53 EEST" skipped="0">
  <testcase classname="com.omayo.hometest.TextBoxWithPreloadedTextTest" name="loginTest" time="7.232"/>
</testsuite> <!-- com.omayo.hometest.TextBoxWithPreloadedTextTest -->
