<?xml version="1.0" encoding="UTF-8"?>
<!-- Generated by org.testng.reporters.JUnitReportReporter -->
<testsuite hostname="DESKTOP-NPK11H1" failures="0" tests="1" name="com.omayo.hometest.TableTest1" time="6.307" errors="0" timestamp="2023-07-13T13:35:55 EEST" skipped="0">
  <testcase classname="com.omayo.hometest.TableTest1" name="readonlyTextBoxTest" time="6.307"/>
</testsuite> <!-- com.omayo.hometest.TableTest1 -->
