<?xml version="1.0" encoding="UTF-8"?>
<!-- Generated by org.testng.reporters.JUnitReportReporter -->
<testsuite hostname="DESKTOP-NPK11H1" failures="0" tests="1" name="com.omayo.hometest.ReadonlyTextBoxTest" time="6.169" errors="0" timestamp="2023-07-11T18:03:40 EEST" skipped="0">
  <testcase classname="com.omayo.hometest.ReadonlyTextBoxTest" name="readonlyTextBoxTest" time="6.169"/>
</testsuite> <!-- com.omayo.hometest.ReadonlyTextBoxTest -->
