<?xml version="1.0" encoding="UTF-8"?>
<!-- Generated by org.testng.reporters.JUnitReportReporter -->
<testsuite hostname="DESKTOP-NPK11H1" failures="0" tests="1" name="com.omayo.hometest.HiddenButtonTest" time="6.289" errors="0" timestamp="2023-07-14T00:15:41 EEST" skipped="0">
  <testcase classname="com.omayo.hometest.HiddenButtonTest" name="readonlyTextBoxTest" time="6.289"/>
</testsuite> <!-- com.omayo.hometest.HiddenButtonTest -->
