<?xml version="1.0" encoding="UTF-8"?>
<!-- Generated by org.testng.reporters.JUnitReportReporter -->
<testsuite hostname="DESKTOP-NPK11H1" failures="0" tests="1" name="com.omayo.hometest.OtherSitestoPracticeAutomationTest" time="56.148" errors="0" timestamp="2023-07-11T19:10:56 EEST" skipped="0">
  <testcase classname="com.omayo.hometest.OtherSitestoPracticeAutomationTest" name="otherSitestoPracticeAutomationTest" time="56.148"/>
</testsuite> <!-- com.omayo.hometest.OtherSitestoPracticeAutomationTest -->
